VirtualBox XPCOM Server 4.3.28 r100309 linux.amd64 (May 13 2015 17:32:38) release log
00:00:00.001198 main     Log opened 2016-04-19T01:14:17.192438000Z
00:00:00.001201 main     Build Type: release
00:00:00.001205 main     OS Product: Linux
00:00:00.001206 main     OS Release: 3.16.0-4-amd64
00:00:00.001207 main     OS Version: #1 SMP Debian 3.16.7-ckt20-1+deb8u4 (2016-02-29)
00:00:00.001231 main     DMI Product Name: 940X3G/930X3G
00:00:00.001238 main     DMI Product Version: P05ACJ
00:00:00.001419 main     Host RAM: 7918MB total, 7179MB available
00:00:00.001424 main     Executable: /usr/lib/virtualbox/VBoxSVC
00:00:00.001425 main     Process ID: 8017
00:00:00.001426 main     Package type: LINUX_64BITS_UBUNTU_13_04
00:00:00.109411 nspr-2   Home directory: '/home/harry/.config/VirtualBox'
00:00:00.110817 nspr-2   Loading settings file "/home/harry/.config/VirtualBox/VirtualBox.xml" with version "1.12-linux"
00:00:00.117195 nspr-2   NetIfAdpCtlOut: VBoxNetAdpCtl: Error while retrieving link speed for wlan1: VBoxNetAdpCtl: ioctl failed: Operation not supported
00:00:00.117719 nspr-2   HostDnsMonitor: old information
00:00:00.117729 nspr-2     no server entries
00:00:00.117734 nspr-2     no search string entries
00:00:00.117738 nspr-2     no domain set
00:00:00.117740 nspr-2   HostDnsMonitor: new information
00:00:00.117743 nspr-2     server 1: 128.253.180.2
00:00:00.117746 nspr-2     server 2: 132.236.56.250
00:00:00.117749 nspr-2     server 3: 192.35.82.50
00:00:00.117752 nspr-2     search string 1: redrover.cornell.edu
00:00:00.117755 nspr-2     domain: redrover.cornell.edu
00:00:00.117761 nspr-2   HostDnsMonitorProxy::notify
00:00:00.118784 nspr-2   VDInit finished
00:00:00.129084 nspr-2   ERROR [COM]: aRC=NS_ERROR_FAILURE (0x80004005) aIID={480cf695-2d8d-4256-9c7c-cce4184fa048} aComponent={Machine} aText={Runtime error opening '/home/harry/VirtualBox VMs/CS3410/CS3410.vbox' for reading: -102(File not found.).
00:00:00.129095 nspr-2   /home/vbox/vbox-4.3.28/src/VBox/Main/src-server/MachineImpl.cpp[731] (nsresult Machine::registeredInit())}, preserve=false
00:00:00.129388 nspr-2   ERROR [COM]: aRC=NS_ERROR_FAILURE (0x80004005) aIID={480cf695-2d8d-4256-9c7c-cce4184fa048} aComponent={Machine} aText={Runtime error opening '/home/harry/VirtualBox VMs/ubuntu-cloudimg-wily-vagrant-i386_1455049267360_19275/ubuntu-cloudimg-wily-vagrant-i386_1455049267360_19275.vbox' for reading: -102(File not found.).
00:00:00.129394 nspr-2   /home/vbox/vbox-4.3.28/src/VBox/Main/src-server/MachineImpl.cpp[731] (nsresult Machine::registeredInit())}, preserve=false
00:00:00.129615 nspr-2   ERROR [COM]: aRC=NS_ERROR_FAILURE (0x80004005) aIID={480cf695-2d8d-4256-9c7c-cce4184fa048} aComponent={Machine} aText={Runtime error opening '/home/harry/VirtualBox VMs/cs3110-2016sp/cs3110-2016sp.vbox' for reading: -102(File not found.).
00:00:00.129621 nspr-2   /home/vbox/vbox-4.3.28/src/VBox/Main/src-server/MachineImpl.cpp[731] (nsresult Machine::registeredInit())}, preserve=false
00:00:00.130438 nspr-2   Loading settings file "/home/harry/VirtualBox VMs/CS4410_default_1455854662398_41667/CS4410_default_1455854662398_41667.vbox" with version "1.12-linux"
00:00:00.158036 nspr-3   WARNING [COM]: aRC=NS_ERROR_FAILURE (0x80004005) aIID={93269330-48ca-4096-b4a2-1189df336267} aComponent={Host} aText={VirtualBox is not currently allowed to access USB devices.  You can change this by adding your user to the 'vboxusers' group.  Please see the user manual for a more detailed explanation}, preserve=true 
00:00:00.158177 nspr-2   WARNING [COM]: aRC=NS_ERROR_FAILURE (0x80004005) aIID={93269330-48ca-4096-b4a2-1189df336267} aComponent={Host} aText={VirtualBox is not currently allowed to access USB devices.  You can change this by adding your user to the 'vboxusers' group.  Please see the user manual for a more detailed explanation}, preserve=true 
00:00:00.161036 nspr-3   ERROR [COM]: aRC=NS_ERROR_FAILURE (0x80004005) aIID={480cf695-2d8d-4256-9c7c-cce4184fa048} aComponent={SessionMachine} aText={This machine does not have any snapshots}, preserve=false
00:00:00.277098 nspr-2   NetIfAdpCtlOut: VBoxNetAdpCtl: Error while retrieving link speed for wlan1: VBoxNetAdpCtl: ioctl failed: Operation not supported
00:00:00.333587 nspr-3   WARNING [COM]: aRC=NS_ERROR_FAILURE (0x80004005) aIID={93269330-48ca-4096-b4a2-1189df336267} aComponent={Host} aText={VirtualBox is not currently allowed to access USB devices.  You can change this by adding your user to the 'vboxusers' group.  Please see the user manual for a more detailed explanation}, preserve=true 
00:00:00.333696 nspr-2   WARNING [COM]: aRC=NS_ERROR_FAILURE (0x80004005) aIID={93269330-48ca-4096-b4a2-1189df336267} aComponent={Host} aText={VirtualBox is not currently allowed to access USB devices.  You can change this by adding your user to the 'vboxusers' group.  Please see the user manual for a more detailed explanation}, preserve=true 
00:00:00.335582 nspr-3   ERROR [COM]: aRC=NS_ERROR_FAILURE (0x80004005) aIID={480cf695-2d8d-4256-9c7c-cce4184fa048} aComponent={SessionMachine} aText={This machine does not have any snapshots}, preserve=false
00:00:00.397080 nspr-3   WARNING [COM]: aRC=NS_ERROR_FAILURE (0x80004005) aIID={93269330-48ca-4096-b4a2-1189df336267} aComponent={Host} aText={VirtualBox is not currently allowed to access USB devices.  You can change this by adding your user to the 'vboxusers' group.  Please see the user manual for a more detailed explanation}, preserve=true 
00:00:00.397188 nspr-2   WARNING [COM]: aRC=NS_ERROR_FAILURE (0x80004005) aIID={93269330-48ca-4096-b4a2-1189df336267} aComponent={Host} aText={VirtualBox is not currently allowed to access USB devices.  You can change this by adding your user to the 'vboxusers' group.  Please see the user manual for a more detailed explanation}, preserve=true 
00:00:00.399175 nspr-3   ERROR [COM]: aRC=NS_ERROR_FAILURE (0x80004005) aIID={480cf695-2d8d-4256-9c7c-cce4184fa048} aComponent={SessionMachine} aText={This machine does not have any snapshots}, preserve=false
00:00:00.474554 nspr-3   NetIfAdpCtlOut: VBoxNetAdpCtl: Error while retrieving link speed for wlan1: VBoxNetAdpCtl: ioctl failed: Operation not supported
00:00:01.453691 nspr-2   WARNING [COM]: aRC=NS_ERROR_FAILURE (0x80004005) aIID={93269330-48ca-4096-b4a2-1189df336267} aComponent={Host} aText={VirtualBox is not currently allowed to access USB devices.  You can change this by adding your user to the 'vboxusers' group.  Please see the user manual for a more detailed explanation}, preserve=true 
00:00:01.453807 nspr-3   WARNING [COM]: aRC=NS_ERROR_FAILURE (0x80004005) aIID={93269330-48ca-4096-b4a2-1189df336267} aComponent={Host} aText={VirtualBox is not currently allowed to access USB devices.  You can change this by adding your user to the 'vboxusers' group.  Please see the user manual for a more detailed explanation}, preserve=true 
00:00:01.456004 nspr-2   ERROR [COM]: aRC=NS_ERROR_FAILURE (0x80004005) aIID={480cf695-2d8d-4256-9c7c-cce4184fa048} aComponent={SessionMachine} aText={This machine does not have any snapshots}, preserve=false
00:00:01.516194 nspr-2   WARNING [COM]: aRC=NS_ERROR_FAILURE (0x80004005) aIID={93269330-48ca-4096-b4a2-1189df336267} aComponent={Host} aText={VirtualBox is not currently allowed to access USB devices.  You can change this by adding your user to the 'vboxusers' group.  Please see the user manual for a more detailed explanation}, preserve=true 
00:00:01.516304 nspr-3   WARNING [COM]: aRC=NS_ERROR_FAILURE (0x80004005) aIID={93269330-48ca-4096-b4a2-1189df336267} aComponent={Host} aText={VirtualBox is not currently allowed to access USB devices.  You can change this by adding your user to the 'vboxusers' group.  Please see the user manual for a more detailed explanation}, preserve=true 
00:00:01.518219 nspr-2   ERROR [COM]: aRC=NS_ERROR_FAILURE (0x80004005) aIID={480cf695-2d8d-4256-9c7c-cce4184fa048} aComponent={SessionMachine} aText={This machine does not have any snapshots}, preserve=false
00:00:01.576544 nspr-2   WARNING [COM]: aRC=NS_ERROR_FAILURE (0x80004005) aIID={93269330-48ca-4096-b4a2-1189df336267} aComponent={Host} aText={VirtualBox is not currently allowed to access USB devices.  You can change this by adding your user to the 'vboxusers' group.  Please see the user manual for a more detailed explanation}, preserve=true 
00:00:01.576665 nspr-3   WARNING [COM]: aRC=NS_ERROR_FAILURE (0x80004005) aIID={93269330-48ca-4096-b4a2-1189df336267} aComponent={Host} aText={VirtualBox is not currently allowed to access USB devices.  You can change this by adding your user to the 'vboxusers' group.  Please see the user manual for a more detailed explanation}, preserve=true 
00:00:01.578620 nspr-2   ERROR [COM]: aRC=NS_ERROR_FAILURE (0x80004005) aIID={480cf695-2d8d-4256-9c7c-cce4184fa048} aComponent={SessionMachine} aText={This machine does not have any snapshots}, preserve=false
00:00:01.670143 nspr-2   WARNING [COM]: aRC=NS_ERROR_FAILURE (0x80004005) aIID={93269330-48ca-4096-b4a2-1189df336267} aComponent={Host} aText={VirtualBox is not currently allowed to access USB devices.  You can change this by adding your user to the 'vboxusers' group.  Please see the user manual for a more detailed explanation}, preserve=true 
00:00:01.670261 nspr-3   WARNING [COM]: aRC=NS_ERROR_FAILURE (0x80004005) aIID={93269330-48ca-4096-b4a2-1189df336267} aComponent={Host} aText={VirtualBox is not currently allowed to access USB devices.  You can change this by adding your user to the 'vboxusers' group.  Please see the user manual for a more detailed explanation}, preserve=true 
00:00:01.672296 nspr-2   ERROR [COM]: aRC=NS_ERROR_FAILURE (0x80004005) aIID={480cf695-2d8d-4256-9c7c-cce4184fa048} aComponent={SessionMachine} aText={This machine does not have any snapshots}, preserve=false
00:00:01.768026 nspr-3   WARNING [COM]: aRC=NS_ERROR_FAILURE (0x80004005) aIID={93269330-48ca-4096-b4a2-1189df336267} aComponent={Host} aText={VirtualBox is not currently allowed to access USB devices.  You can change this by adding your user to the 'vboxusers' group.  Please see the user manual for a more detailed explanation}, preserve=true 
00:00:01.768134 nspr-2   WARNING [COM]: aRC=NS_ERROR_FAILURE (0x80004005) aIID={93269330-48ca-4096-b4a2-1189df336267} aComponent={Host} aText={VirtualBox is not currently allowed to access USB devices.  You can change this by adding your user to the 'vboxusers' group.  Please see the user manual for a more detailed explanation}, preserve=true 
00:00:01.770121 nspr-3   ERROR [COM]: aRC=NS_ERROR_FAILURE (0x80004005) aIID={480cf695-2d8d-4256-9c7c-cce4184fa048} aComponent={SessionMachine} aText={This machine does not have any snapshots}, preserve=false
00:00:01.820632 nspr-3   WARNING [COM]: aRC=NS_ERROR_FAILURE (0x80004005) aIID={93269330-48ca-4096-b4a2-1189df336267} aComponent={Host} aText={VirtualBox is not currently allowed to access USB devices.  You can change this by adding your user to the 'vboxusers' group.  Please see the user manual for a more detailed explanation}, preserve=true 
00:00:01.820742 nspr-2   WARNING [COM]: aRC=NS_ERROR_FAILURE (0x80004005) aIID={93269330-48ca-4096-b4a2-1189df336267} aComponent={Host} aText={VirtualBox is not currently allowed to access USB devices.  You can change this by adding your user to the 'vboxusers' group.  Please see the user manual for a more detailed explanation}, preserve=true 
00:00:01.825360 nspr-3   ERROR [COM]: aRC=NS_ERROR_FAILURE (0x80004005) aIID={480cf695-2d8d-4256-9c7c-cce4184fa048} aComponent={SessionMachine} aText={This machine does not have any snapshots}, preserve=false
00:00:01.930224 nspr-2   ERROR [COM]: aRC=NS_ERROR_FAILURE (0x80004005) aIID={480cf695-2d8d-4256-9c7c-cce4184fa048} aComponent={Machine} aText={Runtime error opening '/home/harry/VirtualBox VMs/CS3410/CS3410.vbox' for reading: -102(File not found.).
00:00:01.930232 nspr-2   /home/vbox/vbox-4.3.28/src/VBox/Main/src-server/MachineImpl.cpp[731] (nsresult Machine::registeredInit())}, preserve=false
00:00:01.930620 nspr-2   ERROR [COM]: aRC=NS_ERROR_FAILURE (0x80004005) aIID={480cf695-2d8d-4256-9c7c-cce4184fa048} aComponent={Machine} aText={Runtime error opening '/home/harry/VirtualBox VMs/ubuntu-cloudimg-wily-vagrant-i386_1455049267360_19275/ubuntu-cloudimg-wily-vagrant-i386_1455049267360_19275.vbox' for reading: -102(File not found.).
00:00:01.930626 nspr-2   /home/vbox/vbox-4.3.28/src/VBox/Main/src-server/MachineImpl.cpp[731] (nsresult Machine::registeredInit())}, preserve=false
00:00:01.930973 nspr-2   ERROR [COM]: aRC=NS_ERROR_FAILURE (0x80004005) aIID={480cf695-2d8d-4256-9c7c-cce4184fa048} aComponent={Machine} aText={Runtime error opening '/home/harry/VirtualBox VMs/cs3110-2016sp/cs3110-2016sp.vbox' for reading: -102(File not found.).
00:00:01.930977 nspr-2   /home/vbox/vbox-4.3.28/src/VBox/Main/src-server/MachineImpl.cpp[731] (nsresult Machine::registeredInit())}, preserve=false
00:00:01.967923 nspr-2   ERROR [COM]: aRC=E_ACCESSDENIED (0x80070005) aIID={480cf695-2d8d-4256-9c7c-cce4184fa048} aComponent={Machine} aText={The object functionality is limited}, preserve=false
00:00:01.968250 nspr-2   ERROR [COM]: aRC=NS_ERROR_FAILURE (0x80004005) aIID={480cf695-2d8d-4256-9c7c-cce4184fa048} aComponent={Machine} aText={Runtime error opening '/home/harry/VirtualBox VMs/CS3410/CS3410.vbox' for reading: -102(File not found.).
00:00:01.968255 nspr-2   /home/vbox/vbox-4.3.28/src/VBox/Main/src-server/MachineImpl.cpp[731] (nsresult Machine::registeredInit())}, preserve=false
00:00:02.004958 nspr-2   ERROR [COM]: aRC=E_ACCESSDENIED (0x80070005) aIID={480cf695-2d8d-4256-9c7c-cce4184fa048} aComponent={Machine} aText={The object functionality is limited}, preserve=false
00:00:02.005286 nspr-2   ERROR [COM]: aRC=NS_ERROR_FAILURE (0x80004005) aIID={480cf695-2d8d-4256-9c7c-cce4184fa048} aComponent={Machine} aText={Runtime error opening '/home/harry/VirtualBox VMs/ubuntu-cloudimg-wily-vagrant-i386_1455049267360_19275/ubuntu-cloudimg-wily-vagrant-i386_1455049267360_19275.vbox' for reading: -102(File not found.).
00:00:02.005292 nspr-2   /home/vbox/vbox-4.3.28/src/VBox/Main/src-server/MachineImpl.cpp[731] (nsresult Machine::registeredInit())}, preserve=false
00:00:02.042303 nspr-2   ERROR [COM]: aRC=E_ACCESSDENIED (0x80070005) aIID={480cf695-2d8d-4256-9c7c-cce4184fa048} aComponent={Machine} aText={The object functionality is limited}, preserve=false
00:00:02.042624 nspr-2   ERROR [COM]: aRC=NS_ERROR_FAILURE (0x80004005) aIID={480cf695-2d8d-4256-9c7c-cce4184fa048} aComponent={Machine} aText={Runtime error opening '/home/harry/VirtualBox VMs/cs3110-2016sp/cs3110-2016sp.vbox' for reading: -102(File not found.).
00:00:02.042629 nspr-2   /home/vbox/vbox-4.3.28/src/VBox/Main/src-server/MachineImpl.cpp[731] (nsresult Machine::registeredInit())}, preserve=false
00:00:02.091752 nspr-2   WARNING [COM]: aRC=NS_ERROR_FAILURE (0x80004005) aIID={93269330-48ca-4096-b4a2-1189df336267} aComponent={Host} aText={VirtualBox is not currently allowed to access USB devices.  You can change this by adding your user to the 'vboxusers' group.  Please see the user manual for a more detailed explanation}, preserve=true 
00:00:02.091858 nspr-3   WARNING [COM]: aRC=NS_ERROR_FAILURE (0x80004005) aIID={93269330-48ca-4096-b4a2-1189df336267} aComponent={Host} aText={VirtualBox is not currently allowed to access USB devices.  You can change this by adding your user to the 'vboxusers' group.  Please see the user manual for a more detailed explanation}, preserve=true 
00:00:02.093746 nspr-2   ERROR [COM]: aRC=NS_ERROR_FAILURE (0x80004005) aIID={480cf695-2d8d-4256-9c7c-cce4184fa048} aComponent={SessionMachine} aText={This machine does not have any snapshots}, preserve=false
00:00:02.134567 nspr-2   ERROR [COM]: aRC=NS_ERROR_FAILURE (0x80004005) aIID={480cf695-2d8d-4256-9c7c-cce4184fa048} aComponent={Machine} aText={Runtime error opening '/home/harry/VirtualBox VMs/CS3410/CS3410.vbox' for reading: -102(File not found.).
00:00:02.134574 nspr-2   /home/vbox/vbox-4.3.28/src/VBox/Main/src-server/MachineImpl.cpp[731] (nsresult Machine::registeredInit())}, preserve=false
00:00:02.134975 nspr-2   ERROR [COM]: aRC=NS_ERROR_FAILURE (0x80004005) aIID={480cf695-2d8d-4256-9c7c-cce4184fa048} aComponent={Machine} aText={Runtime error opening '/home/harry/VirtualBox VMs/ubuntu-cloudimg-wily-vagrant-i386_1455049267360_19275/ubuntu-cloudimg-wily-vagrant-i386_1455049267360_19275.vbox' for reading: -102(File not found.).
00:00:02.134981 nspr-2   /home/vbox/vbox-4.3.28/src/VBox/Main/src-server/MachineImpl.cpp[731] (nsresult Machine::registeredInit())}, preserve=false
00:00:02.135360 nspr-2   ERROR [COM]: aRC=NS_ERROR_FAILURE (0x80004005) aIID={480cf695-2d8d-4256-9c7c-cce4184fa048} aComponent={Machine} aText={Runtime error opening '/home/harry/VirtualBox VMs/cs3110-2016sp/cs3110-2016sp.vbox' for reading: -102(File not found.).
00:00:02.135366 nspr-2   /home/vbox/vbox-4.3.28/src/VBox/Main/src-server/MachineImpl.cpp[731] (nsresult Machine::registeredInit())}, preserve=false
00:00:02.198529 nspr-2   WARNING [COM]: aRC=NS_ERROR_FAILURE (0x80004005) aIID={93269330-48ca-4096-b4a2-1189df336267} aComponent={Host} aText={VirtualBox is not currently allowed to access USB devices.  You can change this by adding your user to the 'vboxusers' group.  Please see the user manual for a more detailed explanation}, preserve=true 
00:00:02.198641 nspr-3   WARNING [COM]: aRC=NS_ERROR_FAILURE (0x80004005) aIID={93269330-48ca-4096-b4a2-1189df336267} aComponent={Host} aText={VirtualBox is not currently allowed to access USB devices.  You can change this by adding your user to the 'vboxusers' group.  Please see the user manual for a more detailed explanation}, preserve=true 
00:00:02.200576 nspr-2   ERROR [COM]: aRC=NS_ERROR_FAILURE (0x80004005) aIID={480cf695-2d8d-4256-9c7c-cce4184fa048} aComponent={SessionMachine} aText={This machine does not have any snapshots}, preserve=false
00:00:02.845935 nspr-2   WARNING [COM]: aRC=NS_ERROR_FAILURE (0x80004005) aIID={93269330-48ca-4096-b4a2-1189df336267} aComponent={Host} aText={VirtualBox is not currently allowed to access USB devices.  You can change this by adding your user to the 'vboxusers' group.  Please see the user manual for a more detailed explanation}, preserve=true 
00:00:02.846065 nspr-3   WARNING [COM]: aRC=NS_ERROR_FAILURE (0x80004005) aIID={93269330-48ca-4096-b4a2-1189df336267} aComponent={Host} aText={VirtualBox is not currently allowed to access USB devices.  You can change this by adding your user to the 'vboxusers' group.  Please see the user manual for a more detailed explanation}, preserve=true 
00:00:02.848150 nspr-2   ERROR [COM]: aRC=NS_ERROR_FAILURE (0x80004005) aIID={480cf695-2d8d-4256-9c7c-cce4184fa048} aComponent={SessionMachine} aText={This machine does not have any snapshots}, preserve=false
00:00:03.193581 nspr-3   WARNING [COM]: aRC=NS_ERROR_FAILURE (0x80004005) aIID={93269330-48ca-4096-b4a2-1189df336267} aComponent={Host} aText={VirtualBox is not currently allowed to access USB devices.  You can change this by adding your user to the 'vboxusers' group.  Please see the user manual for a more detailed explanation}, preserve=true 
00:00:03.385873 nspr-2   WARNING [COM]: aRC=NS_ERROR_FAILURE (0x80004005) aIID={93269330-48ca-4096-b4a2-1189df336267} aComponent={Host} aText={VirtualBox is not currently allowed to access USB devices.  You can change this by adding your user to the 'vboxusers' group.  Please see the user manual for a more detailed explanation}, preserve=true 
00:00:03.386015 nspr-4   WARNING [COM]: aRC=NS_ERROR_FAILURE (0x80004005) aIID={93269330-48ca-4096-b4a2-1189df336267} aComponent={Host} aText={VirtualBox is not currently allowed to access USB devices.  You can change this by adding your user to the 'vboxusers' group.  Please see the user manual for a more detailed explanation}, preserve=true 
00:00:03.394011 nspr-2   ERROR [COM]: aRC=NS_ERROR_FAILURE (0x80004005) aIID={480cf695-2d8d-4256-9c7c-cce4184fa048} aComponent={SessionMachine} aText={This machine does not have any snapshots}, preserve=false
00:00:03.466056 nspr-3   WARNING [COM]: aRC=NS_ERROR_FAILURE (0x80004005) aIID={93269330-48ca-4096-b4a2-1189df336267} aComponent={Host} aText={VirtualBox is not currently allowed to access USB devices.  You can change this by adding your user to the 'vboxusers' group.  Please see the user manual for a more detailed explanation}, preserve=true 
00:00:03.466177 nspr-4   WARNING [COM]: aRC=NS_ERROR_FAILURE (0x80004005) aIID={93269330-48ca-4096-b4a2-1189df336267} aComponent={Host} aText={VirtualBox is not currently allowed to access USB devices.  You can change this by adding your user to the 'vboxusers' group.  Please see the user manual for a more detailed explanation}, preserve=true 
00:00:03.473280 nspr-4   ERROR [COM]: aRC=NS_ERROR_FAILURE (0x80004005) aIID={480cf695-2d8d-4256-9c7c-cce4184fa048} aComponent={SessionMachine} aText={This machine does not have any snapshots}, preserve=false
00:00:03.526440 nspr-2   WARNING [COM]: aRC=NS_ERROR_FAILURE (0x80004005) aIID={93269330-48ca-4096-b4a2-1189df336267} aComponent={Host} aText={VirtualBox is not currently allowed to access USB devices.  You can change this by adding your user to the 'vboxusers' group.  Please see the user manual for a more detailed explanation}, preserve=true 
00:00:03.526550 nspr-3   WARNING [COM]: aRC=NS_ERROR_FAILURE (0x80004005) aIID={93269330-48ca-4096-b4a2-1189df336267} aComponent={Host} aText={VirtualBox is not currently allowed to access USB devices.  You can change this by adding your user to the 'vboxusers' group.  Please see the user manual for a more detailed explanation}, preserve=true 
00:00:03.532210 nspr-2   ERROR [COM]: aRC=NS_ERROR_FAILURE (0x80004005) aIID={480cf695-2d8d-4256-9c7c-cce4184fa048} aComponent={SessionMachine} aText={This machine does not have any snapshots}, preserve=false
00:00:03.590072 nspr-3   WARNING [COM]: aRC=NS_ERROR_FAILURE (0x80004005) aIID={93269330-48ca-4096-b4a2-1189df336267} aComponent={Host} aText={VirtualBox is not currently allowed to access USB devices.  You can change this by adding your user to the 'vboxusers' group.  Please see the user manual for a more detailed explanation}, preserve=true 
00:00:03.590192 nspr-4   WARNING [COM]: aRC=NS_ERROR_FAILURE (0x80004005) aIID={93269330-48ca-4096-b4a2-1189df336267} aComponent={Host} aText={VirtualBox is not currently allowed to access USB devices.  You can change this by adding your user to the 'vboxusers' group.  Please see the user manual for a more detailed explanation}, preserve=true 
00:00:03.595724 nspr-3   ERROR [COM]: aRC=NS_ERROR_FAILURE (0x80004005) aIID={480cf695-2d8d-4256-9c7c-cce4184fa048} aComponent={SessionMachine} aText={This machine does not have any snapshots}, preserve=false
00:00:03.647547 nspr-2   WARNING [COM]: aRC=NS_ERROR_FAILURE (0x80004005) aIID={93269330-48ca-4096-b4a2-1189df336267} aComponent={Host} aText={VirtualBox is not currently allowed to access USB devices.  You can change this by adding your user to the 'vboxusers' group.  Please see the user manual for a more detailed explanation}, preserve=true 
00:00:03.647661 nspr-4   WARNING [COM]: aRC=NS_ERROR_FAILURE (0x80004005) aIID={93269330-48ca-4096-b4a2-1189df336267} aComponent={Host} aText={VirtualBox is not currently allowed to access USB devices.  You can change this by adding your user to the 'vboxusers' group.  Please see the user manual for a more detailed explanation}, preserve=true 
00:00:03.653137 nspr-2   ERROR [COM]: aRC=NS_ERROR_FAILURE (0x80004005) aIID={480cf695-2d8d-4256-9c7c-cce4184fa048} aComponent={SessionMachine} aText={This machine does not have any snapshots}, preserve=false
00:00:04.455778 nspr-4   WARNING [COM]: aRC=NS_ERROR_FAILURE (0x80004005) aIID={93269330-48ca-4096-b4a2-1189df336267} aComponent={Host} aText={VirtualBox is not currently allowed to access USB devices.  You can change this by adding your user to the 'vboxusers' group.  Please see the user manual for a more detailed explanation}, preserve=true 
00:00:04.455890 nspr-2   WARNING [COM]: aRC=NS_ERROR_FAILURE (0x80004005) aIID={93269330-48ca-4096-b4a2-1189df336267} aComponent={Host} aText={VirtualBox is not currently allowed to access USB devices.  You can change this by adding your user to the 'vboxusers' group.  Please see the user manual for a more detailed explanation}, preserve=true 
00:00:04.462346 nspr-4   ERROR [COM]: aRC=NS_ERROR_FAILURE (0x80004005) aIID={480cf695-2d8d-4256-9c7c-cce4184fa048} aComponent={SessionMachine} aText={This machine does not have any snapshots}, preserve=false
00:00:05.514662 nspr-4   WARNING [COM]: aRC=NS_ERROR_FAILURE (0x80004005) aIID={93269330-48ca-4096-b4a2-1189df336267} aComponent={Host} aText={VirtualBox is not currently allowed to access USB devices.  You can change this by adding your user to the 'vboxusers' group.  Please see the user manual for a more detailed explanation}, preserve=true 
00:00:05.514788 nspr-2   WARNING [COM]: aRC=NS_ERROR_FAILURE (0x80004005) aIID={93269330-48ca-4096-b4a2-1189df336267} aComponent={Host} aText={VirtualBox is not currently allowed to access USB devices.  You can change this by adding your user to the 'vboxusers' group.  Please see the user manual for a more detailed explanation}, preserve=true 
00:00:05.521270 nspr-4   ERROR [COM]: aRC=NS_ERROR_FAILURE (0x80004005) aIID={480cf695-2d8d-4256-9c7c-cce4184fa048} aComponent={SessionMachine} aText={This machine does not have any snapshots}, preserve=false
00:00:06.576265 nspr-2   WARNING [COM]: aRC=NS_ERROR_FAILURE (0x80004005) aIID={93269330-48ca-4096-b4a2-1189df336267} aComponent={Host} aText={VirtualBox is not currently allowed to access USB devices.  You can change this by adding your user to the 'vboxusers' group.  Please see the user manual for a more detailed explanation}, preserve=true 
00:00:06.576402 nspr-3   WARNING [COM]: aRC=NS_ERROR_FAILURE (0x80004005) aIID={93269330-48ca-4096-b4a2-1189df336267} aComponent={Host} aText={VirtualBox is not currently allowed to access USB devices.  You can change this by adding your user to the 'vboxusers' group.  Please see the user manual for a more detailed explanation}, preserve=true 
00:00:06.583168 nspr-2   ERROR [COM]: aRC=NS_ERROR_FAILURE (0x80004005) aIID={480cf695-2d8d-4256-9c7c-cce4184fa048} aComponent={SessionMachine} aText={This machine does not have any snapshots}, preserve=false
00:00:07.634391 nspr-3   WARNING [COM]: aRC=NS_ERROR_FAILURE (0x80004005) aIID={93269330-48ca-4096-b4a2-1189df336267} aComponent={Host} aText={VirtualBox is not currently allowed to access USB devices.  You can change this by adding your user to the 'vboxusers' group.  Please see the user manual for a more detailed explanation}, preserve=true 
00:00:07.634499 nspr-2   WARNING [COM]: aRC=NS_ERROR_FAILURE (0x80004005) aIID={93269330-48ca-4096-b4a2-1189df336267} aComponent={Host} aText={VirtualBox is not currently allowed to access USB devices.  You can change this by adding your user to the 'vboxusers' group.  Please see the user manual for a more detailed explanation}, preserve=true 
00:00:07.640181 nspr-2   ERROR [COM]: aRC=NS_ERROR_FAILURE (0x80004005) aIID={480cf695-2d8d-4256-9c7c-cce4184fa048} aComponent={SessionMachine} aText={This machine does not have any snapshots}, preserve=false
00:00:08.690697 nspr-3   WARNING [COM]: aRC=NS_ERROR_FAILURE (0x80004005) aIID={93269330-48ca-4096-b4a2-1189df336267} aComponent={Host} aText={VirtualBox is not currently allowed to access USB devices.  You can change this by adding your user to the 'vboxusers' group.  Please see the user manual for a more detailed explanation}, preserve=true 
00:00:08.690805 nspr-2   WARNING [COM]: aRC=NS_ERROR_FAILURE (0x80004005) aIID={93269330-48ca-4096-b4a2-1189df336267} aComponent={Host} aText={VirtualBox is not currently allowed to access USB devices.  You can change this by adding your user to the 'vboxusers' group.  Please see the user manual for a more detailed explanation}, preserve=true 
00:00:08.696416 nspr-2   ERROR [COM]: aRC=NS_ERROR_FAILURE (0x80004005) aIID={480cf695-2d8d-4256-9c7c-cce4184fa048} aComponent={SessionMachine} aText={This machine does not have any snapshots}, preserve=false
00:00:09.759306 nspr-3   WARNING [COM]: aRC=NS_ERROR_FAILURE (0x80004005) aIID={93269330-48ca-4096-b4a2-1189df336267} aComponent={Host} aText={VirtualBox is not currently allowed to access USB devices.  You can change this by adding your user to the 'vboxusers' group.  Please see the user manual for a more detailed explanation}, preserve=true 
00:00:09.759442 nspr-2   WARNING [COM]: aRC=NS_ERROR_FAILURE (0x80004005) aIID={93269330-48ca-4096-b4a2-1189df336267} aComponent={Host} aText={VirtualBox is not currently allowed to access USB devices.  You can change this by adding your user to the 'vboxusers' group.  Please see the user manual for a more detailed explanation}, preserve=true 
00:00:09.766253 nspr-3   ERROR [COM]: aRC=NS_ERROR_FAILURE (0x80004005) aIID={480cf695-2d8d-4256-9c7c-cce4184fa048} aComponent={SessionMachine} aText={This machine does not have any snapshots}, preserve=false
00:00:10.824883 nspr-2   WARNING [COM]: aRC=NS_ERROR_FAILURE (0x80004005) aIID={93269330-48ca-4096-b4a2-1189df336267} aComponent={Host} aText={VirtualBox is not currently allowed to access USB devices.  You can change this by adding your user to the 'vboxusers' group.  Please see the user manual for a more detailed explanation}, preserve=true 
00:00:10.825024 nspr-3   WARNING [COM]: aRC=NS_ERROR_FAILURE (0x80004005) aIID={93269330-48ca-4096-b4a2-1189df336267} aComponent={Host} aText={VirtualBox is not currently allowed to access USB devices.  You can change this by adding your user to the 'vboxusers' group.  Please see the user manual for a more detailed explanation}, preserve=true 
00:00:10.834146 nspr-4   ERROR [COM]: aRC=NS_ERROR_FAILURE (0x80004005) aIID={480cf695-2d8d-4256-9c7c-cce4184fa048} aComponent={SessionMachine} aText={This machine does not have any snapshots}, preserve=false
00:00:11.891824 nspr-3   WARNING [COM]: aRC=NS_ERROR_FAILURE (0x80004005) aIID={93269330-48ca-4096-b4a2-1189df336267} aComponent={Host} aText={VirtualBox is not currently allowed to access USB devices.  You can change this by adding your user to the 'vboxusers' group.  Please see the user manual for a more detailed explanation}, preserve=true 
00:00:11.891961 nspr-2   WARNING [COM]: aRC=NS_ERROR_FAILURE (0x80004005) aIID={93269330-48ca-4096-b4a2-1189df336267} aComponent={Host} aText={VirtualBox is not currently allowed to access USB devices.  You can change this by adding your user to the 'vboxusers' group.  Please see the user manual for a more detailed explanation}, preserve=true 
00:00:11.900587 nspr-4   ERROR [COM]: aRC=NS_ERROR_FAILURE (0x80004005) aIID={480cf695-2d8d-4256-9c7c-cce4184fa048} aComponent={SessionMachine} aText={This machine does not have any snapshots}, preserve=false
00:00:12.957712 nspr-2   WARNING [COM]: aRC=NS_ERROR_FAILURE (0x80004005) aIID={93269330-48ca-4096-b4a2-1189df336267} aComponent={Host} aText={VirtualBox is not currently allowed to access USB devices.  You can change this by adding your user to the 'vboxusers' group.  Please see the user manual for a more detailed explanation}, preserve=true 
00:00:12.957874 nspr-3   WARNING [COM]: aRC=NS_ERROR_FAILURE (0x80004005) aIID={93269330-48ca-4096-b4a2-1189df336267} aComponent={Host} aText={VirtualBox is not currently allowed to access USB devices.  You can change this by adding your user to the 'vboxusers' group.  Please see the user manual for a more detailed explanation}, preserve=true 
00:00:12.967161 nspr-2   ERROR [COM]: aRC=NS_ERROR_FAILURE (0x80004005) aIID={480cf695-2d8d-4256-9c7c-cce4184fa048} aComponent={SessionMachine} aText={This machine does not have any snapshots}, preserve=false
00:00:14.024367 nspr-2   WARNING [COM]: aRC=NS_ERROR_FAILURE (0x80004005) aIID={93269330-48ca-4096-b4a2-1189df336267} aComponent={Host} aText={VirtualBox is not currently allowed to access USB devices.  You can change this by adding your user to the 'vboxusers' group.  Please see the user manual for a more detailed explanation}, preserve=true 
00:00:14.024512 nspr-4   WARNING [COM]: aRC=NS_ERROR_FAILURE (0x80004005) aIID={93269330-48ca-4096-b4a2-1189df336267} aComponent={Host} aText={VirtualBox is not currently allowed to access USB devices.  You can change this by adding your user to the 'vboxusers' group.  Please see the user manual for a more detailed explanation}, preserve=true 
00:00:14.034217 nspr-3   ERROR [COM]: aRC=NS_ERROR_FAILURE (0x80004005) aIID={480cf695-2d8d-4256-9c7c-cce4184fa048} aComponent={SessionMachine} aText={This machine does not have any snapshots}, preserve=false
00:00:15.099673 nspr-2   WARNING [COM]: aRC=NS_ERROR_FAILURE (0x80004005) aIID={93269330-48ca-4096-b4a2-1189df336267} aComponent={Host} aText={VirtualBox is not currently allowed to access USB devices.  You can change this by adding your user to the 'vboxusers' group.  Please see the user manual for a more detailed explanation}, preserve=true 
00:00:15.099831 nspr-4   WARNING [COM]: aRC=NS_ERROR_FAILURE (0x80004005) aIID={93269330-48ca-4096-b4a2-1189df336267} aComponent={Host} aText={VirtualBox is not currently allowed to access USB devices.  You can change this by adding your user to the 'vboxusers' group.  Please see the user manual for a more detailed explanation}, preserve=true 
00:00:15.109756 nspr-4   ERROR [COM]: aRC=NS_ERROR_FAILURE (0x80004005) aIID={480cf695-2d8d-4256-9c7c-cce4184fa048} aComponent={SessionMachine} aText={This machine does not have any snapshots}, preserve=false
00:00:16.162568 nspr-4   WARNING [COM]: aRC=NS_ERROR_FAILURE (0x80004005) aIID={93269330-48ca-4096-b4a2-1189df336267} aComponent={Host} aText={VirtualBox is not currently allowed to access USB devices.  You can change this by adding your user to the 'vboxusers' group.  Please see the user manual for a more detailed explanation}, preserve=true 
00:00:16.162683 nspr-3   WARNING [COM]: aRC=NS_ERROR_FAILURE (0x80004005) aIID={93269330-48ca-4096-b4a2-1189df336267} aComponent={Host} aText={VirtualBox is not currently allowed to access USB devices.  You can change this by adding your user to the 'vboxusers' group.  Please see the user manual for a more detailed explanation}, preserve=true 
00:00:16.171076 nspr-2   ERROR [COM]: aRC=NS_ERROR_FAILURE (0x80004005) aIID={480cf695-2d8d-4256-9c7c-cce4184fa048} aComponent={SessionMachine} aText={This machine does not have any snapshots}, preserve=false
00:00:17.222223 nspr-4   WARNING [COM]: aRC=NS_ERROR_FAILURE (0x80004005) aIID={93269330-48ca-4096-b4a2-1189df336267} aComponent={Host} aText={VirtualBox is not currently allowed to access USB devices.  You can change this by adding your user to the 'vboxusers' group.  Please see the user manual for a more detailed explanation}, preserve=true 
00:00:17.222384 nspr-2   WARNING [COM]: aRC=NS_ERROR_FAILURE (0x80004005) aIID={93269330-48ca-4096-b4a2-1189df336267} aComponent={Host} aText={VirtualBox is not currently allowed to access USB devices.  You can change this by adding your user to the 'vboxusers' group.  Please see the user manual for a more detailed explanation}, preserve=true 
00:00:17.233187 nspr-2   ERROR [COM]: aRC=NS_ERROR_FAILURE (0x80004005) aIID={480cf695-2d8d-4256-9c7c-cce4184fa048} aComponent={SessionMachine} aText={This machine does not have any snapshots}, preserve=false
00:00:18.274333 nspr-4   WARNING [COM]: aRC=NS_ERROR_FAILURE (0x80004005) aIID={93269330-48ca-4096-b4a2-1189df336267} aComponent={Host} aText={VirtualBox is not currently allowed to access USB devices.  You can change this by adding your user to the 'vboxusers' group.  Please see the user manual for a more detailed explanation}, preserve=true 
00:00:18.274442 nspr-3   WARNING [COM]: aRC=NS_ERROR_FAILURE (0x80004005) aIID={93269330-48ca-4096-b4a2-1189df336267} aComponent={Host} aText={VirtualBox is not currently allowed to access USB devices.  You can change this by adding your user to the 'vboxusers' group.  Please see the user manual for a more detailed explanation}, preserve=true 
00:00:18.282224 nspr-4   ERROR [COM]: aRC=NS_ERROR_FAILURE (0x80004005) aIID={480cf695-2d8d-4256-9c7c-cce4184fa048} aComponent={SessionMachine} aText={This machine does not have any snapshots}, preserve=false
00:00:18.709835 nspr-3   WARNING [COM]: aRC=NS_ERROR_FAILURE (0x80004005) aIID={93269330-48ca-4096-b4a2-1189df336267} aComponent={Host} aText={VirtualBox is not currently allowed to access USB devices.  You can change this by adding your user to the 'vboxusers' group.  Please see the user manual for a more detailed explanation}, preserve=true 
00:00:18.709998 nspr-2   WARNING [COM]: aRC=NS_ERROR_FAILURE (0x80004005) aIID={93269330-48ca-4096-b4a2-1189df336267} aComponent={Host} aText={VirtualBox is not currently allowed to access USB devices.  You can change this by adding your user to the 'vboxusers' group.  Please see the user manual for a more detailed explanation}, preserve=true 
00:00:18.718354 nspr-3   ERROR [COM]: aRC=NS_ERROR_FAILURE (0x80004005) aIID={480cf695-2d8d-4256-9c7c-cce4184fa048} aComponent={SessionMachine} aText={This machine does not have any snapshots}, preserve=false
00:00:18.759763 nspr-2   WARNING [COM]: aRC=NS_ERROR_FAILURE (0x80004005) aIID={93269330-48ca-4096-b4a2-1189df336267} aComponent={Host} aText={VirtualBox is not currently allowed to access USB devices.  You can change this by adding your user to the 'vboxusers' group.  Please see the user manual for a more detailed explanation}, preserve=true 
00:00:18.759879 nspr-4   WARNING [COM]: aRC=NS_ERROR_FAILURE (0x80004005) aIID={93269330-48ca-4096-b4a2-1189df336267} aComponent={Host} aText={VirtualBox is not currently allowed to access USB devices.  You can change this by adding your user to the 'vboxusers' group.  Please see the user manual for a more detailed explanation}, preserve=true 
00:00:18.767848 nspr-3   ERROR [COM]: aRC=NS_ERROR_FAILURE (0x80004005) aIID={480cf695-2d8d-4256-9c7c-cce4184fa048} aComponent={SessionMachine} aText={This machine does not have any snapshots}, preserve=false
00:00:19.289796 nspr-2   WARNING [COM]: aRC=NS_ERROR_FAILURE (0x80004005) aIID={93269330-48ca-4096-b4a2-1189df336267} aComponent={Host} aText={VirtualBox is not currently allowed to access USB devices.  You can change this by adding your user to the 'vboxusers' group.  Please see the user manual for a more detailed explanation}, preserve=true 
00:00:19.289916 nspr-4   WARNING [COM]: aRC=NS_ERROR_FAILURE (0x80004005) aIID={93269330-48ca-4096-b4a2-1189df336267} aComponent={Host} aText={VirtualBox is not currently allowed to access USB devices.  You can change this by adding your user to the 'vboxusers' group.  Please see the user manual for a more detailed explanation}, preserve=true 
00:00:19.298231 nspr-2   ERROR [COM]: aRC=NS_ERROR_FAILURE (0x80004005) aIID={480cf695-2d8d-4256-9c7c-cce4184fa048} aComponent={SessionMachine} aText={This machine does not have any snapshots}, preserve=false
00:00:19.342331 nspr-4   WARNING [COM]: aRC=NS_ERROR_FAILURE (0x80004005) aIID={93269330-48ca-4096-b4a2-1189df336267} aComponent={Host} aText={VirtualBox is not currently allowed to access USB devices.  You can change this by adding your user to the 'vboxusers' group.  Please see the user manual for a more detailed explanation}, preserve=true 
00:00:19.342487 nspr-2   WARNING [COM]: aRC=NS_ERROR_FAILURE (0x80004005) aIID={93269330-48ca-4096-b4a2-1189df336267} aComponent={Host} aText={VirtualBox is not currently allowed to access USB devices.  You can change this by adding your user to the 'vboxusers' group.  Please see the user manual for a more detailed explanation}, preserve=true 
00:00:19.352698 nspr-3   ERROR [COM]: aRC=NS_ERROR_FAILURE (0x80004005) aIID={480cf695-2d8d-4256-9c7c-cce4184fa048} aComponent={SessionMachine} aText={This machine does not have any snapshots}, preserve=false
00:00:19.357670 nspr-4   WARNING [COM]: aRC=NS_ERROR_FAILURE (0x80004005) aIID={93269330-48ca-4096-b4a2-1189df336267} aComponent={Host} aText={VirtualBox is not currently allowed to access USB devices.  You can change this by adding your user to the 'vboxusers' group.  Please see the user manual for a more detailed explanation}, preserve=true 
00:00:19.357780 nspr-2   WARNING [COM]: aRC=NS_ERROR_FAILURE (0x80004005) aIID={93269330-48ca-4096-b4a2-1189df336267} aComponent={Host} aText={VirtualBox is not currently allowed to access USB devices.  You can change this by adding your user to the 'vboxusers' group.  Please see the user manual for a more detailed explanation}, preserve=true 
00:00:19.367307 nspr-2   ERROR [COM]: aRC=NS_ERROR_FAILURE (0x80004005) aIID={480cf695-2d8d-4256-9c7c-cce4184fa048} aComponent={SessionMachine} aText={This machine does not have any snapshots}, preserve=false
00:00:20.437903 nspr-2   WARNING [COM]: aRC=NS_ERROR_FAILURE (0x80004005) aIID={93269330-48ca-4096-b4a2-1189df336267} aComponent={Host} aText={VirtualBox is not currently allowed to access USB devices.  You can change this by adding your user to the 'vboxusers' group.  Please see the user manual for a more detailed explanation}, preserve=true 
00:00:20.438028 nspr-4   WARNING [COM]: aRC=NS_ERROR_FAILURE (0x80004005) aIID={93269330-48ca-4096-b4a2-1189df336267} aComponent={Host} aText={VirtualBox is not currently allowed to access USB devices.  You can change this by adding your user to the 'vboxusers' group.  Please see the user manual for a more detailed explanation}, preserve=true 
00:00:20.445936 nspr-3   ERROR [COM]: aRC=NS_ERROR_FAILURE (0x80004005) aIID={480cf695-2d8d-4256-9c7c-cce4184fa048} aComponent={SessionMachine} aText={This machine does not have any snapshots}, preserve=false
00:00:20.501971 nspr-4   WARNING [COM]: aRC=NS_ERROR_FAILURE (0x80004005) aIID={93269330-48ca-4096-b4a2-1189df336267} aComponent={Host} aText={VirtualBox is not currently allowed to access USB devices.  You can change this by adding your user to the 'vboxusers' group.  Please see the user manual for a more detailed explanation}, preserve=true 
00:00:20.502085 nspr-2   WARNING [COM]: aRC=NS_ERROR_FAILURE (0x80004005) aIID={93269330-48ca-4096-b4a2-1189df336267} aComponent={Host} aText={VirtualBox is not currently allowed to access USB devices.  You can change this by adding your user to the 'vboxusers' group.  Please see the user manual for a more detailed explanation}, preserve=true 
00:00:20.510119 nspr-4   ERROR [COM]: aRC=NS_ERROR_FAILURE (0x80004005) aIID={480cf695-2d8d-4256-9c7c-cce4184fa048} aComponent={SessionMachine} aText={This machine does not have any snapshots}, preserve=false
00:00:20.561471 nspr-3   WARNING [COM]: aRC=NS_ERROR_FAILURE (0x80004005) aIID={93269330-48ca-4096-b4a2-1189df336267} aComponent={Host} aText={VirtualBox is not currently allowed to access USB devices.  You can change this by adding your user to the 'vboxusers' group.  Please see the user manual for a more detailed explanation}, preserve=true 
00:00:20.561600 nspr-2   WARNING [COM]: aRC=NS_ERROR_FAILURE (0x80004005) aIID={93269330-48ca-4096-b4a2-1189df336267} aComponent={Host} aText={VirtualBox is not currently allowed to access USB devices.  You can change this by adding your user to the 'vboxusers' group.  Please see the user manual for a more detailed explanation}, preserve=true 
00:00:20.569581 nspr-3   ERROR [COM]: aRC=NS_ERROR_FAILURE (0x80004005) aIID={480cf695-2d8d-4256-9c7c-cce4184fa048} aComponent={SessionMachine} aText={This machine does not have any snapshots}, preserve=false
00:00:21.648048 nspr-4   WARNING [COM]: aRC=NS_ERROR_FAILURE (0x80004005) aIID={93269330-48ca-4096-b4a2-1189df336267} aComponent={Host} aText={VirtualBox is not currently allowed to access USB devices.  You can change this by adding your user to the 'vboxusers' group.  Please see the user manual for a more detailed explanation}, preserve=true 
00:00:21.648206 nspr-2   WARNING [COM]: aRC=NS_ERROR_FAILURE (0x80004005) aIID={93269330-48ca-4096-b4a2-1189df336267} aComponent={Host} aText={VirtualBox is not currently allowed to access USB devices.  You can change this by adding your user to the 'vboxusers' group.  Please see the user manual for a more detailed explanation}, preserve=true 
00:00:21.657719 nspr-4   ERROR [COM]: aRC=NS_ERROR_FAILURE (0x80004005) aIID={480cf695-2d8d-4256-9c7c-cce4184fa048} aComponent={SessionMachine} aText={This machine does not have any snapshots}, preserve=false
00:00:21.709508 nspr-2   WARNING [COM]: aRC=NS_ERROR_FAILURE (0x80004005) aIID={93269330-48ca-4096-b4a2-1189df336267} aComponent={Host} aText={VirtualBox is not currently allowed to access USB devices.  You can change this by adding your user to the 'vboxusers' group.  Please see the user manual for a more detailed explanation}, preserve=true 
00:00:21.709629 nspr-3   WARNING [COM]: aRC=NS_ERROR_FAILURE (0x80004005) aIID={93269330-48ca-4096-b4a2-1189df336267} aComponent={Host} aText={VirtualBox is not currently allowed to access USB devices.  You can change this by adding your user to the 'vboxusers' group.  Please see the user manual for a more detailed explanation}, preserve=true 
00:00:21.717081 nspr-2   ERROR [COM]: aRC=NS_ERROR_FAILURE (0x80004005) aIID={480cf695-2d8d-4256-9c7c-cce4184fa048} aComponent={SessionMachine} aText={This machine does not have any snapshots}, preserve=false
00:00:22.573289 nspr-2   WARNING [COM]: aRC=NS_ERROR_FAILURE (0x80004005) aIID={93269330-48ca-4096-b4a2-1189df336267} aComponent={Host} aText={VirtualBox is not currently allowed to access USB devices.  You can change this by adding your user to the 'vboxusers' group.  Please see the user manual for a more detailed explanation}, preserve=true 
00:00:22.573426 nspr-3   WARNING [COM]: aRC=NS_ERROR_FAILURE (0x80004005) aIID={93269330-48ca-4096-b4a2-1189df336267} aComponent={Host} aText={VirtualBox is not currently allowed to access USB devices.  You can change this by adding your user to the 'vboxusers' group.  Please see the user manual for a more detailed explanation}, preserve=true 
00:00:22.581377 nspr-4   ERROR [COM]: aRC=NS_ERROR_FAILURE (0x80004005) aIID={480cf695-2d8d-4256-9c7c-cce4184fa048} aComponent={SessionMachine} aText={This machine does not have any snapshots}, preserve=false
00:00:22.635088 nspr-3   WARNING [COM]: aRC=NS_ERROR_FAILURE (0x80004005) aIID={93269330-48ca-4096-b4a2-1189df336267} aComponent={Host} aText={VirtualBox is not currently allowed to access USB devices.  You can change this by adding your user to the 'vboxusers' group.  Please see the user manual for a more detailed explanation}, preserve=true 
00:00:22.635211 nspr-2   WARNING [COM]: aRC=NS_ERROR_FAILURE (0x80004005) aIID={93269330-48ca-4096-b4a2-1189df336267} aComponent={Host} aText={VirtualBox is not currently allowed to access USB devices.  You can change this by adding your user to the 'vboxusers' group.  Please see the user manual for a more detailed explanation}, preserve=true 
00:00:22.643700 nspr-2   ERROR [COM]: aRC=NS_ERROR_FAILURE (0x80004005) aIID={480cf695-2d8d-4256-9c7c-cce4184fa048} aComponent={SessionMachine} aText={This machine does not have any snapshots}, preserve=false
00:01:51.184626 nspr-2   WARNING [COM]: aRC=NS_ERROR_FAILURE (0x80004005) aIID={93269330-48ca-4096-b4a2-1189df336267} aComponent={Host} aText={VirtualBox is not currently allowed to access USB devices.  You can change this by adding your user to the 'vboxusers' group.  Please see the user manual for a more detailed explanation}, preserve=true 
00:01:51.184760 nspr-3   WARNING [COM]: aRC=NS_ERROR_FAILURE (0x80004005) aIID={93269330-48ca-4096-b4a2-1189df336267} aComponent={Host} aText={VirtualBox is not currently allowed to access USB devices.  You can change this by adding your user to the 'vboxusers' group.  Please see the user manual for a more detailed explanation}, preserve=true 
00:01:51.192719 nspr-2   ERROR [COM]: aRC=NS_ERROR_FAILURE (0x80004005) aIID={480cf695-2d8d-4256-9c7c-cce4184fa048} aComponent={SessionMachine} aText={This machine does not have any snapshots}, preserve=false
00:01:51.276704 nspr-4   NetIfAdpCtlOut: VBoxNetAdpCtl: Error while retrieving link speed for wlan1: VBoxNetAdpCtl: ioctl failed: Operation not supported
00:01:51.329146 nspr-3   WARNING [COM]: aRC=NS_ERROR_FAILURE (0x80004005) aIID={93269330-48ca-4096-b4a2-1189df336267} aComponent={Host} aText={VirtualBox is not currently allowed to access USB devices.  You can change this by adding your user to the 'vboxusers' group.  Please see the user manual for a more detailed explanation}, preserve=true 
00:01:51.329271 nspr-2   WARNING [COM]: aRC=NS_ERROR_FAILURE (0x80004005) aIID={93269330-48ca-4096-b4a2-1189df336267} aComponent={Host} aText={VirtualBox is not currently allowed to access USB devices.  You can change this by adding your user to the 'vboxusers' group.  Please see the user manual for a more detailed explanation}, preserve=true 
00:01:51.338329 nspr-3   ERROR [COM]: aRC=NS_ERROR_FAILURE (0x80004005) aIID={480cf695-2d8d-4256-9c7c-cce4184fa048} aComponent={SessionMachine} aText={This machine does not have any snapshots}, preserve=false
00:01:51.419169 nspr-2   WARNING [COM]: aRC=NS_ERROR_FAILURE (0x80004005) aIID={93269330-48ca-4096-b4a2-1189df336267} aComponent={Host} aText={VirtualBox is not currently allowed to access USB devices.  You can change this by adding your user to the 'vboxusers' group.  Please see the user manual for a more detailed explanation}, preserve=true 
00:01:51.419300 nspr-4   WARNING [COM]: aRC=NS_ERROR_FAILURE (0x80004005) aIID={93269330-48ca-4096-b4a2-1189df336267} aComponent={Host} aText={VirtualBox is not currently allowed to access USB devices.  You can change this by adding your user to the 'vboxusers' group.  Please see the user manual for a more detailed explanation}, preserve=true 
00:01:51.427070 nspr-2   ERROR [COM]: aRC=NS_ERROR_FAILURE (0x80004005) aIID={480cf695-2d8d-4256-9c7c-cce4184fa048} aComponent={SessionMachine} aText={This machine does not have any snapshots}, preserve=false
00:01:51.482137 nspr-4   WARNING [COM]: aRC=NS_ERROR_FAILURE (0x80004005) aIID={93269330-48ca-4096-b4a2-1189df336267} aComponent={Host} aText={VirtualBox is not currently allowed to access USB devices.  You can change this by adding your user to the 'vboxusers' group.  Please see the user manual for a more detailed explanation}, preserve=true 
00:01:51.482257 nspr-3   WARNING [COM]: aRC=NS_ERROR_FAILURE (0x80004005) aIID={93269330-48ca-4096-b4a2-1189df336267} aComponent={Host} aText={VirtualBox is not currently allowed to access USB devices.  You can change this by adding your user to the 'vboxusers' group.  Please see the user manual for a more detailed explanation}, preserve=true 
00:01:51.490112 nspr-4   ERROR [COM]: aRC=NS_ERROR_FAILURE (0x80004005) aIID={480cf695-2d8d-4256-9c7c-cce4184fa048} aComponent={SessionMachine} aText={This machine does not have any snapshots}, preserve=false
00:01:51.542179 nspr-3   WARNING [COM]: aRC=NS_ERROR_FAILURE (0x80004005) aIID={93269330-48ca-4096-b4a2-1189df336267} aComponent={Host} aText={VirtualBox is not currently allowed to access USB devices.  You can change this by adding your user to the 'vboxusers' group.  Please see the user manual for a more detailed explanation}, preserve=true 
00:01:51.542297 nspr-2   WARNING [COM]: aRC=NS_ERROR_FAILURE (0x80004005) aIID={93269330-48ca-4096-b4a2-1189df336267} aComponent={Host} aText={VirtualBox is not currently allowed to access USB devices.  You can change this by adding your user to the 'vboxusers' group.  Please see the user manual for a more detailed explanation}, preserve=true 
00:01:51.550102 nspr-2   ERROR [COM]: aRC=NS_ERROR_FAILURE (0x80004005) aIID={480cf695-2d8d-4256-9c7c-cce4184fa048} aComponent={SessionMachine} aText={This machine does not have any snapshots}, preserve=false
00:01:51.601887 nspr-3   WARNING [COM]: aRC=NS_ERROR_FAILURE (0x80004005) aIID={93269330-48ca-4096-b4a2-1189df336267} aComponent={Host} aText={VirtualBox is not currently allowed to access USB devices.  You can change this by adding your user to the 'vboxusers' group.  Please see the user manual for a more detailed explanation}, preserve=true 
00:01:51.601996 nspr-2   WARNING [COM]: aRC=NS_ERROR_FAILURE (0x80004005) aIID={93269330-48ca-4096-b4a2-1189df336267} aComponent={Host} aText={VirtualBox is not currently allowed to access USB devices.  You can change this by adding your user to the 'vboxusers' group.  Please see the user manual for a more detailed explanation}, preserve=true 
00:01:51.609851 nspr-3   ERROR [COM]: aRC=NS_ERROR_FAILURE (0x80004005) aIID={480cf695-2d8d-4256-9c7c-cce4184fa048} aComponent={SessionMachine} aText={This machine does not have any snapshots}, preserve=false
00:07:04.089191 nspr-3   WARNING [COM]: aRC=NS_ERROR_FAILURE (0x80004005) aIID={93269330-48ca-4096-b4a2-1189df336267} aComponent={Host} aText={VirtualBox is not currently allowed to access USB devices.  You can change this by adding your user to the 'vboxusers' group.  Please see the user manual for a more detailed explanation}, preserve=true 
00:07:04.089316 nspr-2   WARNING [COM]: aRC=NS_ERROR_FAILURE (0x80004005) aIID={93269330-48ca-4096-b4a2-1189df336267} aComponent={Host} aText={VirtualBox is not currently allowed to access USB devices.  You can change this by adding your user to the 'vboxusers' group.  Please see the user manual for a more detailed explanation}, preserve=true 
00:07:04.097509 nspr-4   ERROR [COM]: aRC=NS_ERROR_FAILURE (0x80004005) aIID={480cf695-2d8d-4256-9c7c-cce4184fa048} aComponent={SessionMachine} aText={This machine does not have any snapshots}, preserve=false
00:07:04.176335 nspr-2   NetIfAdpCtlOut: VBoxNetAdpCtl: Error while retrieving link speed for wlan1: VBoxNetAdpCtl: ioctl failed: Operation not supported
00:07:04.230211 nspr-3   WARNING [COM]: aRC=NS_ERROR_FAILURE (0x80004005) aIID={93269330-48ca-4096-b4a2-1189df336267} aComponent={Host} aText={VirtualBox is not currently allowed to access USB devices.  You can change this by adding your user to the 'vboxusers' group.  Please see the user manual for a more detailed explanation}, preserve=true 
00:07:04.230328 nspr-2   WARNING [COM]: aRC=NS_ERROR_FAILURE (0x80004005) aIID={93269330-48ca-4096-b4a2-1189df336267} aComponent={Host} aText={VirtualBox is not currently allowed to access USB devices.  You can change this by adding your user to the 'vboxusers' group.  Please see the user manual for a more detailed explanation}, preserve=true 
00:07:04.238185 nspr-3   ERROR [COM]: aRC=NS_ERROR_FAILURE (0x80004005) aIID={480cf695-2d8d-4256-9c7c-cce4184fa048} aComponent={SessionMachine} aText={This machine does not have any snapshots}, preserve=false
00:07:04.326022 nspr-4   WARNING [COM]: aRC=NS_ERROR_FAILURE (0x80004005) aIID={93269330-48ca-4096-b4a2-1189df336267} aComponent={Host} aText={VirtualBox is not currently allowed to access USB devices.  You can change this by adding your user to the 'vboxusers' group.  Please see the user manual for a more detailed explanation}, preserve=true 
00:07:04.326157 nspr-2   WARNING [COM]: aRC=NS_ERROR_FAILURE (0x80004005) aIID={93269330-48ca-4096-b4a2-1189df336267} aComponent={Host} aText={VirtualBox is not currently allowed to access USB devices.  You can change this by adding your user to the 'vboxusers' group.  Please see the user manual for a more detailed explanation}, preserve=true 
00:07:04.335129 nspr-2   ERROR [COM]: aRC=NS_ERROR_FAILURE (0x80004005) aIID={480cf695-2d8d-4256-9c7c-cce4184fa048} aComponent={SessionMachine} aText={This machine does not have any snapshots}, preserve=false
00:07:04.387028 nspr-4   WARNING [COM]: aRC=NS_ERROR_FAILURE (0x80004005) aIID={93269330-48ca-4096-b4a2-1189df336267} aComponent={Host} aText={VirtualBox is not currently allowed to access USB devices.  You can change this by adding your user to the 'vboxusers' group.  Please see the user manual for a more detailed explanation}, preserve=true 
00:07:04.387138 nspr-3   WARNING [COM]: aRC=NS_ERROR_FAILURE (0x80004005) aIID={93269330-48ca-4096-b4a2-1189df336267} aComponent={Host} aText={VirtualBox is not currently allowed to access USB devices.  You can change this by adding your user to the 'vboxusers' group.  Please see the user manual for a more detailed explanation}, preserve=true 
00:07:04.394953 nspr-4   ERROR [COM]: aRC=NS_ERROR_FAILURE (0x80004005) aIID={480cf695-2d8d-4256-9c7c-cce4184fa048} aComponent={SessionMachine} aText={This machine does not have any snapshots}, preserve=false
00:07:04.449756 nspr-3   WARNING [COM]: aRC=NS_ERROR_FAILURE (0x80004005) aIID={93269330-48ca-4096-b4a2-1189df336267} aComponent={Host} aText={VirtualBox is not currently allowed to access USB devices.  You can change this by adding your user to the 'vboxusers' group.  Please see the user manual for a more detailed explanation}, preserve=true 
00:07:04.449875 nspr-2   WARNING [COM]: aRC=NS_ERROR_FAILURE (0x80004005) aIID={93269330-48ca-4096-b4a2-1189df336267} aComponent={Host} aText={VirtualBox is not currently allowed to access USB devices.  You can change this by adding your user to the 'vboxusers' group.  Please see the user manual for a more detailed explanation}, preserve=true 
00:07:04.457505 nspr-3   ERROR [COM]: aRC=NS_ERROR_FAILURE (0x80004005) aIID={480cf695-2d8d-4256-9c7c-cce4184fa048} aComponent={SessionMachine} aText={This machine does not have any snapshots}, preserve=false
00:07:04.517206 nspr-2   WARNING [COM]: aRC=NS_ERROR_FAILURE (0x80004005) aIID={93269330-48ca-4096-b4a2-1189df336267} aComponent={Host} aText={VirtualBox is not currently allowed to access USB devices.  You can change this by adding your user to the 'vboxusers' group.  Please see the user manual for a more detailed explanation}, preserve=true 
00:07:04.517336 nspr-4   WARNING [COM]: aRC=NS_ERROR_FAILURE (0x80004005) aIID={93269330-48ca-4096-b4a2-1189df336267} aComponent={Host} aText={VirtualBox is not currently allowed to access USB devices.  You can change this by adding your user to the 'vboxusers' group.  Please see the user manual for a more detailed explanation}, preserve=true 
00:07:04.525198 nspr-2   ERROR [COM]: aRC=NS_ERROR_FAILURE (0x80004005) aIID={480cf695-2d8d-4256-9c7c-cce4184fa048} aComponent={SessionMachine} aText={This machine does not have any snapshots}, preserve=false
00:07:04.638660 nspr-3   WARNING [COM]: aRC=NS_ERROR_FAILURE (0x80004005) aIID={93269330-48ca-4096-b4a2-1189df336267} aComponent={Host} aText={VirtualBox is not currently allowed to access USB devices.  You can change this by adding your user to the 'vboxusers' group.  Please see the user manual for a more detailed explanation}, preserve=true 
00:07:04.638790 nspr-4   WARNING [COM]: aRC=NS_ERROR_FAILURE (0x80004005) aIID={93269330-48ca-4096-b4a2-1189df336267} aComponent={Host} aText={VirtualBox is not currently allowed to access USB devices.  You can change this by adding your user to the 'vboxusers' group.  Please see the user manual for a more detailed explanation}, preserve=true 
00:07:04.646669 nspr-3   ERROR [COM]: aRC=NS_ERROR_FAILURE (0x80004005) aIID={480cf695-2d8d-4256-9c7c-cce4184fa048} aComponent={SessionMachine} aText={This machine does not have any snapshots}, preserve=false
00:07:04.698064 nspr-4   WARNING [COM]: aRC=NS_ERROR_FAILURE (0x80004005) aIID={93269330-48ca-4096-b4a2-1189df336267} aComponent={Host} aText={VirtualBox is not currently allowed to access USB devices.  You can change this by adding your user to the 'vboxusers' group.  Please see the user manual for a more detailed explanation}, preserve=true 
00:07:04.698172 nspr-2   WARNING [COM]: aRC=NS_ERROR_FAILURE (0x80004005) aIID={93269330-48ca-4096-b4a2-1189df336267} aComponent={Host} aText={VirtualBox is not currently allowed to access USB devices.  You can change this by adding your user to the 'vboxusers' group.  Please see the user manual for a more detailed explanation}, preserve=true 
00:07:04.706129 nspr-4   ERROR [COM]: aRC=NS_ERROR_FAILURE (0x80004005) aIID={480cf695-2d8d-4256-9c7c-cce4184fa048} aComponent={SessionMachine} aText={This machine does not have any snapshots}, preserve=false
00:07:04.867693 nspr-3   WARNING [COM]: aRC=NS_ERROR_FAILURE (0x80004005) aIID={93269330-48ca-4096-b4a2-1189df336267} aComponent={Host} aText={VirtualBox is not currently allowed to access USB devices.  You can change this by adding your user to the 'vboxusers' group.  Please see the user manual for a more detailed explanation}, preserve=true 
00:07:04.867925 nspr-2   WARNING [COM]: aRC=NS_ERROR_FAILURE (0x80004005) aIID={93269330-48ca-4096-b4a2-1189df336267} aComponent={Host} aText={VirtualBox is not currently allowed to access USB devices.  You can change this by adding your user to the 'vboxusers' group.  Please see the user manual for a more detailed explanation}, preserve=true 
00:07:04.877736 nspr-2   ERROR [COM]: aRC=NS_ERROR_FAILURE (0x80004005) aIID={480cf695-2d8d-4256-9c7c-cce4184fa048} aComponent={SessionMachine} aText={This machine does not have any snapshots}, preserve=false
00:07:04.935142 nspr-3   WARNING [COM]: aRC=NS_ERROR_FAILURE (0x80004005) aIID={93269330-48ca-4096-b4a2-1189df336267} aComponent={Host} aText={VirtualBox is not currently allowed to access USB devices.  You can change this by adding your user to the 'vboxusers' group.  Please see the user manual for a more detailed explanation}, preserve=true 
00:07:04.935256 nspr-4   WARNING [COM]: aRC=NS_ERROR_FAILURE (0x80004005) aIID={93269330-48ca-4096-b4a2-1189df336267} aComponent={Host} aText={VirtualBox is not currently allowed to access USB devices.  You can change this by adding your user to the 'vboxusers' group.  Please see the user manual for a more detailed explanation}, preserve=true 
00:07:04.943345 nspr-4   ERROR [COM]: aRC=NS_ERROR_FAILURE (0x80004005) aIID={480cf695-2d8d-4256-9c7c-cce4184fa048} aComponent={SessionMachine} aText={This machine does not have any snapshots}, preserve=false
00:07:10.044395 main     ERROR [COM]: aRC=VBOX_E_OBJECT_IN_USE (0x80bb000c) aIID={05f2bbb6-a3a6-4fb9-9b49-6d0dda7142ac} aComponent={Medium} aText={Medium '/home/harry/VirtualBox VMs/CS4410_default_1455854662398_41667/box-disk1.vmdk' cannot be closed because it is still attached to 1 virtual machines}, preserve=false
00:07:10.044633 Watcher  ERROR [COM]: aRC=E_ACCESSDENIED (0x80070005) aIID={fafa4e17-1ee2-4905-a10e-fe7c18bf5554} aComponent={VirtualBox} aText={The object is not ready}, preserve=false
